Startpoint: B[0] (input port clocked by MYCLK)
Endpoint: _451_ (rising edge-triggered flip-flop clocked by MYCLK)
Path Group: MYCLK
Path Type: min

Fanout       Cap      Slew     Delay      Time   Description
------------------------------------------------------------------------------------
                   0.0000    0.0000    0.0000   clock MYCLK (rise edge)
                             3.0000    3.0000   clock network delay (ideal)
                             1.0000    4.0000 ^ input external delay
                   0.1000    0.0000    4.0000 ^ B[0] (in)
    6    0.0135                                 B[0] (net)
                   0.1000    0.0000    4.0000 ^ _320_/B (sky130_fd_sc_hd__nor2_1)
                   0.0261    0.0321    4.0321 v _320_/Y (sky130_fd_sc_hd__nor2_1)
    1    0.0016                                 _252_ (net)
                   0.0261    0.0000    4.0321 v _339_/A1 (sky130_fd_sc_hd__o21ai_0)
                   0.0372    0.1130    4.1451 ^ _339_/Y (sky130_fd_sc_hd__o21ai_0)
    1    0.0017                                 _168_ (net)
                   0.0372    0.0000    4.1451 ^ _451_/D (sky130_fd_sc_hd__dfxtp_1)
                                       4.1451   data arrival time

                   0.0000    0.0000    0.0000   clock MYCLK (rise edge)
                             3.0000    3.0000   clock network delay (ideal)
                             0.1000    3.1000   clock uncertainty
                             0.0000    3.1000   clock reconvergence pessimism
                                       3.1000 ^ _451_/CLK (sky130_fd_sc_hd__dfxtp_1)
                            -0.0260    3.0740   library hold time
                                       3.0740   data required time
------------------------------------------------------------------------------------
                                       3.0740   data required time
                                      -4.1451   data arrival time
------------------------------------------------------------------------------------
                                       1.0711   slack (MET)


Startpoint: _451_ (rising edge-triggered flip-flop clocked by MYCLK)
Endpoint: R[0] (output port clocked by MYGEN_CLK)
Path Group: MYGEN_CLK
Path Type: min

Fanout       Cap      Slew     Delay      Time   Description
------------------------------------------------------------------------------------
                   0.0000    0.0000    0.0000   clock MYCLK (rise edge)
                             3.0000    3.0000   clock network delay (ideal)
                   0.0000    0.0000    3.0000 ^ _451_/CLK (sky130_fd_sc_hd__dfxtp_1)
                   0.3659    0.5005    3.5005 v _451_/Q (sky130_fd_sc_hd__dfxtp_1)
    1    0.1000                                 Reg3[0] (net)
                   0.3659    0.0000    3.5005 v R[0] (out)
                                       3.5005   data arrival time

                   0.0000    0.0000    0.0000   clock MYGEN_CLK (rise edge)
                             0.0000    0.0000   clock network delay (ideal)
                             0.0000    0.0000   clock reconvergence pessimism
                            -1.0000   -1.0000   output external delay
                                      -1.0000   data required time
------------------------------------------------------------------------------------
                                      -1.0000   data required time
                                      -3.5005   data arrival time
------------------------------------------------------------------------------------
                                       4.5005   slack (MET)


Startpoint: A[1] (input port clocked by MYCLK)
Endpoint: _458_ (rising edge-triggered flip-flop clocked by MYCLK)
Path Group: MYCLK
Path Type: max

Fanout       Cap      Slew     Delay      Time   Description
------------------------------------------------------------------------------------
                   0.0000    0.0000    0.0000   clock MYCLK (rise edge)
                             3.0000    3.0000   clock network delay (ideal)
                             4.0000    7.0000 v input external delay
                   0.5000    0.0000    7.0000 v A[1] (in)
    7    0.0168                                 A[1] (net)
                   0.5000    0.0000    7.0000 v _341_/A (sky130_fd_sc_hd__xor2_1)
                   0.2871    0.4683    7.4683 ^ _341_/X (sky130_fd_sc_hd__xor2_1)
    4    0.0117                                 _272_ (net)
                   0.2871    0.0000    7.4683 ^ _347_/C (sky130_fd_sc_hd__nand3_1)
                   0.1213    0.1041    7.5724 v _347_/Y (sky130_fd_sc_hd__nand3_1)
    2    0.0043                                 _278_ (net)
                   0.1213    0.0000    7.5724 v _364_/A1 (sky130_fd_sc_hd__a21o_1)
                   0.0425    0.1880    7.7604 v _364_/X (sky130_fd_sc_hd__a21o_1)
    3    0.0065                                 _294_ (net)
                   0.0425    0.0000    7.7604 v _377_/A2 (sky130_fd_sc_hd__a21o_1)
                   0.0425    0.1713    7.9317 v _377_/X (sky130_fd_sc_hd__a21o_1)
    3    0.0066                                 _306_ (net)
                   0.0425    0.0000    7.9317 v _395_/A1 (sky130_fd_sc_hd__a21o_1)
                   0.0401    0.1483    8.0800 v _395_/X (sky130_fd_sc_hd__a21o_1)
    3    0.0059                                 _199_ (net)
                   0.0401    0.0000    8.0800 v _426_/A2 (sky130_fd_sc_hd__a311oi_1)
                   0.2960    0.3163    8.3964 ^ _426_/Y (sky130_fd_sc_hd__a311oi_1)
    3    0.0060                                 _228_ (net)
                   0.2960    0.0000    8.3964 ^ _443_/A2 (sky130_fd_sc_hd__o21bai_1)
                   0.0528    0.0684    8.4647 v _443_/Y (sky130_fd_sc_hd__o21bai_1)
    1    0.0021                                 _244_ (net)
                   0.0528    0.0000    8.4647 v _449_/A3 (sky130_fd_sc_hd__a31oi_1)
                   0.1133    0.1520    8.6167 ^ _449_/Y (sky130_fd_sc_hd__a31oi_1)
    1    0.0024                                 _250_ (net)
                   0.1133    0.0000    8.6167 ^ _450_/B1 (sky130_fd_sc_hd__o31ai_1)
                   0.0384    0.0381    8.6548 v _450_/Y (sky130_fd_sc_hd__o31ai_1)
    1    0.0017                                 _175_ (net)
                   0.0384    0.0000    8.6548 v _458_/D (sky130_fd_sc_hd__dfxtp_1)
                                       8.6548   data arrival time

                   0.0000   10.0000   10.0000   clock MYCLK (rise edge)
                             3.0000   13.0000   clock network delay (ideal)
                            -0.5000   12.5000   clock uncertainty
                             0.0000   12.5000   clock reconvergence pessimism
                                      12.5000 ^ _458_/CLK (sky130_fd_sc_hd__dfxtp_1)
                            -0.1147   12.3853   library setup time
                                      12.3853   data required time
------------------------------------------------------------------------------------
                                      12.3853   data required time
                                      -8.6548   data arrival time
------------------------------------------------------------------------------------
                                       3.7306   slack (MET)


Startpoint: _451_ (rising edge-triggered flip-flop clocked by MYCLK)
Endpoint: R[0] (output port clocked by MYGEN_CLK)
Path Group: MYGEN_CLK
Path Type: max

Fanout       Cap      Slew     Delay      Time   Description
------------------------------------------------------------------------------------
                   0.0000    0.0000    0.0000   clock MYCLK (rise edge)
                             3.0000    3.0000   clock network delay (ideal)
                   0.0000    0.0000    3.0000 ^ _451_/CLK (sky130_fd_sc_hd__dfxtp_1)
                   1.2154    1.0575    4.0575 ^ _451_/Q (sky130_fd_sc_hd__dfxtp_1)
    1    0.1300                                 Reg3[0] (net)
                   1.2154    0.0000    4.0575 ^ R[0] (out)
                                       4.0575   data arrival time

                   0.0000   10.0000   10.0000   clock MYGEN_CLK (rise edge)
                             0.0000   10.0000   clock network delay (ideal)
                             0.0000   10.0000   clock reconvergence pessimism
                            -3.0000    7.0000   output external delay
                                       7.0000   data required time
------------------------------------------------------------------------------------
                                       7.0000   data required time
                                      -4.0575   data arrival time
------------------------------------------------------------------------------------
                                       2.9425   slack (MET)


