Startpoint: A[0] (input port clocked by MYCLK)
Endpoint: _451_ (rising edge-triggered flip-flop clocked by MYCLK)
Path Group: MYCLK
Path Type: min

Fanout       Cap      Slew     Delay      Time   Description
------------------------------------------------------------------------------------
                   0.0000    0.0000    0.0000   clock MYCLK (rise edge)
                             3.0000    3.0000   clock network delay (ideal)
                             1.0000    4.0000 v input external delay
                   0.1000    0.0000    4.0000 v A[0] (in)
    4    0.0085                                 A[0] (net)
                   0.1000    0.0000    4.0000 v _319_/A (sky130_fd_sc_hd__clkinv_1)
                   0.1367    0.1777    4.1777 ^ _319_/Y (sky130_fd_sc_hd__clkinv_1)
    3    0.0065                                 _251_ (net)
                   0.1367    0.0000    4.1777 ^ _338_/A1 (sky130_fd_sc_hd__a21oi_1)
                   0.0354    0.1300    4.3077 v _338_/Y (sky130_fd_sc_hd__a21oi_1)
    1    0.0014                                 _270_ (net)
                   0.0354    0.0000    4.3077 v _339_/B1 (sky130_fd_sc_hd__o21ai_0)
                   0.1133    0.1294    4.4371 ^ _339_/Y (sky130_fd_sc_hd__o21ai_0)
    1    0.0014                                 _168_ (net)
                   0.1133    0.0000    4.4371 ^ _451_/D (sky130_fd_sc_hd__dfxtp_1)
                                       4.4371   data arrival time

                   0.0000    0.0000    0.0000   clock MYCLK (rise edge)
                             3.0000    3.0000   clock network delay (ideal)
                             0.1000    3.1000   clock uncertainty
                             0.0000    3.1000   clock reconvergence pessimism
                                       3.1000 ^ _451_/CLK (sky130_fd_sc_hd__dfxtp_1)
                            -0.1142    2.9858   library hold time
                                       2.9858   data required time
------------------------------------------------------------------------------------
                                       2.9858   data required time
                                      -4.4371   data arrival time
------------------------------------------------------------------------------------
                                       1.4513   slack (MET)


Startpoint: _451_ (rising edge-triggered flip-flop clocked by MYCLK)
Endpoint: R[0] (output port clocked by MYGEN_CLK)
Path Group: MYGEN_CLK
Path Type: min

Fanout       Cap      Slew     Delay      Time   Description
------------------------------------------------------------------------------------
                   0.0000    0.0000    0.0000   clock MYCLK (rise edge)
                             3.0000    3.0000   clock network delay (ideal)
                   0.0000    0.0000    3.0000 ^ _451_/CLK (sky130_fd_sc_hd__dfxtp_1)
                   0.8503    1.4480    4.4480 v _451_/Q (sky130_fd_sc_hd__dfxtp_1)
    1    0.1000                                 Reg3[0] (net)
                   0.8503    0.0000    4.4480 v R[0] (out)
                                       4.4480   data arrival time

                   0.0000    0.0000    0.0000   clock MYGEN_CLK (rise edge)
                             0.0000    0.0000   clock network delay (ideal)
                             0.0000    0.0000   clock reconvergence pessimism
                            -1.0000   -1.0000   output external delay
                                      -1.0000   data required time
------------------------------------------------------------------------------------
                                      -1.0000   data required time
                                      -4.4480   data arrival time
------------------------------------------------------------------------------------
                                       5.4480   slack (MET)


Startpoint: A[1] (input port clocked by MYCLK)
Endpoint: _458_ (rising edge-triggered flip-flop clocked by MYCLK)
Path Group: MYCLK
Path Type: max

Fanout       Cap      Slew     Delay      Time   Description
------------------------------------------------------------------------------------
                   0.0000    0.0000    0.0000   clock MYCLK (rise edge)
                             3.0000    3.0000   clock network delay (ideal)
                             4.0000    7.0000 v input external delay
                   0.5000    0.0000    7.0000 v A[1] (in)
    7    0.0158                                 A[1] (net)
                   0.5000    0.0000    7.0000 v _341_/A (sky130_fd_sc_hd__xor2_1)
                   0.8589    1.1211    8.1211 ^ _341_/X (sky130_fd_sc_hd__xor2_1)
    4    0.0109                                 _272_ (net)
                   0.8589    0.0000    8.1211 ^ _347_/C (sky130_fd_sc_hd__nand3_1)
                   0.1821    0.5334    8.6545 v _347_/Y (sky130_fd_sc_hd__nand3_1)
    2    0.0040                                 _278_ (net)
                   0.1821    0.0000    8.6545 v _364_/A1 (sky130_fd_sc_hd__a21o_1)
                   0.1040    0.6174    9.2719 v _364_/X (sky130_fd_sc_hd__a21o_1)
    3    0.0061                                 _294_ (net)
                   0.1040    0.0000    9.2719 v _377_/A2 (sky130_fd_sc_hd__a21o_1)
                   0.1040    0.6126    9.8845 v _377_/X (sky130_fd_sc_hd__a21o_1)
    3    0.0061                                 _306_ (net)
                   0.1040    0.0000    9.8845 v _395_/A1 (sky130_fd_sc_hd__a21o_1)
                   0.0978    0.5628   10.4473 v _395_/X (sky130_fd_sc_hd__a21o_1)
    3    0.0054                                 _199_ (net)
                   0.0978    0.0000   10.4473 v _426_/A2 (sky130_fd_sc_hd__a311oi_1)
                   0.9822    1.1417   11.5890 ^ _426_/Y (sky130_fd_sc_hd__a311oi_1)
    3    0.0054                                 _228_ (net)
                   0.9822    0.0000   11.5890 ^ _443_/A2 (sky130_fd_sc_hd__o21bai_1)
                   0.1224    0.4783   12.0673 v _443_/Y (sky130_fd_sc_hd__o21bai_1)
    1    0.0020                                 _244_ (net)
                   0.1224    0.0000   12.0673 v _449_/A3 (sky130_fd_sc_hd__a31oi_1)
                   0.3309    0.4921   12.5594 ^ _449_/Y (sky130_fd_sc_hd__a31oi_1)
    1    0.0021                                 _250_ (net)
                   0.3309    0.0000   12.5594 ^ _450_/B1 (sky130_fd_sc_hd__o31ai_1)
                   0.0838    0.2315   12.7909 v _450_/Y (sky130_fd_sc_hd__o31ai_1)
    1    0.0014                                 _175_ (net)
                   0.0838    0.0000   12.7909 v _458_/D (sky130_fd_sc_hd__dfxtp_1)
                                      12.7909   data arrival time

                   0.0000   10.0000   10.0000   clock MYCLK (rise edge)
                             3.0000   13.0000   clock network delay (ideal)
                            -0.5000   12.5000   clock uncertainty
                             0.0000   12.5000   clock reconvergence pessimism
                                      12.5000 ^ _458_/CLK (sky130_fd_sc_hd__dfxtp_1)
                            -0.6919   11.8081   library setup time
                                      11.8081   data required time
------------------------------------------------------------------------------------
                                      11.8081   data required time
                                     -12.7909   data arrival time
------------------------------------------------------------------------------------
                                      -0.9828   slack (VIOLATED)


Startpoint: _451_ (rising edge-triggered flip-flop clocked by MYCLK)
Endpoint: R[0] (output port clocked by MYGEN_CLK)
Path Group: MYGEN_CLK
Path Type: max

Fanout       Cap      Slew     Delay      Time   Description
------------------------------------------------------------------------------------
                   0.0000    0.0000    0.0000   clock MYCLK (rise edge)
                             3.0000    3.0000   clock network delay (ideal)
                   0.0000    0.0000    3.0000 ^ _451_/CLK (sky130_fd_sc_hd__dfxtp_1)
                   3.6629    3.6605    6.6605 ^ _451_/Q (sky130_fd_sc_hd__dfxtp_1)
    1    0.1300                                 Reg3[0] (net)
                   3.6629    0.0000    6.6605 ^ R[0] (out)
                                       6.6605   data arrival time

                   0.0000   10.0000   10.0000   clock MYGEN_CLK (rise edge)
                             0.0000   10.0000   clock network delay (ideal)
                             0.0000   10.0000   clock reconvergence pessimism
                            -3.0000    7.0000   output external delay
                                       7.0000   data required time
------------------------------------------------------------------------------------
                                       7.0000   data required time
                                      -6.6605   data arrival time
------------------------------------------------------------------------------------
                                       0.3395   slack (MET)


