Startpoint: B[0] (input port clocked by MYCLK)
Endpoint: _451_ (rising edge-triggered flip-flop clocked by MYCLK)
Path Group: MYCLK
Path Type: min

Fanout       Cap      Slew     Delay      Time   Description
------------------------------------------------------------------------------------
                   0.0000    0.0000    0.0000   clock MYCLK (rise edge)
                             3.0000    3.0000   clock network delay (ideal)
                             1.0000    4.0000 ^ input external delay
                   0.1000    0.0000    4.0000 ^ B[0] (in)
    6    0.0133                                 B[0] (net)
                   0.1000    0.0000    4.0000 ^ _320_/B (sky130_fd_sc_hd__nor2_1)
                   0.0266    0.0366    4.0366 v _320_/Y (sky130_fd_sc_hd__nor2_1)
    1    0.0016                                 _252_ (net)
                   0.0266    0.0000    4.0366 v _339_/A1 (sky130_fd_sc_hd__o21ai_0)
                   0.0418    0.1283    4.1648 ^ _339_/Y (sky130_fd_sc_hd__o21ai_0)
    1    0.0017                                 _168_ (net)
                   0.0418    0.0000    4.1648 ^ _451_/D (sky130_fd_sc_hd__dfxtp_1)
                                       4.1648   data arrival time

                   0.0000    0.0000    0.0000   clock MYCLK (rise edge)
                             3.0000    3.0000   clock network delay (ideal)
                             0.1000    3.1000   clock uncertainty
                             0.0000    3.1000   clock reconvergence pessimism
                                       3.1000 ^ _451_/CLK (sky130_fd_sc_hd__dfxtp_1)
                            -0.0310    3.0690   library hold time
                                       3.0690   data required time
------------------------------------------------------------------------------------
                                       3.0690   data required time
                                      -4.1648   data arrival time
------------------------------------------------------------------------------------
                                       1.0958   slack (MET)


Startpoint: _451_ (rising edge-triggered flip-flop clocked by MYCLK)
Endpoint: R[0] (output port clocked by MYGEN_CLK)
Path Group: MYGEN_CLK
Path Type: min

Fanout       Cap      Slew     Delay      Time   Description
------------------------------------------------------------------------------------
                   0.0000    0.0000    0.0000   clock MYCLK (rise edge)
                             3.0000    3.0000   clock network delay (ideal)
                   0.0000    0.0000    3.0000 ^ _451_/CLK (sky130_fd_sc_hd__dfxtp_1)
                   0.3893    0.5467    3.5467 v _451_/Q (sky130_fd_sc_hd__dfxtp_1)
    1    0.1000                                 Reg3[0] (net)
                   0.3893    0.0000    3.5467 v R[0] (out)
                                       3.5467   data arrival time

                   0.0000    0.0000    0.0000   clock MYGEN_CLK (rise edge)
                             0.0000    0.0000   clock network delay (ideal)
                             0.0000    0.0000   clock reconvergence pessimism
                            -1.0000   -1.0000   output external delay
                                      -1.0000   data required time
------------------------------------------------------------------------------------
                                      -1.0000   data required time
                                      -3.5467   data arrival time
------------------------------------------------------------------------------------
                                       4.5467   slack (MET)


Startpoint: A[1] (input port clocked by MYCLK)
Endpoint: _458_ (rising edge-triggered flip-flop clocked by MYCLK)
Path Group: MYCLK
Path Type: max

Fanout       Cap      Slew     Delay      Time   Description
------------------------------------------------------------------------------------
                   0.0000    0.0000    0.0000   clock MYCLK (rise edge)
                             3.0000    3.0000   clock network delay (ideal)
                             4.0000    7.0000 v input external delay
                   0.5000    0.0000    7.0000 v A[1] (in)
    7    0.0165                                 A[1] (net)
                   0.5000    0.0000    7.0000 v _341_/A (sky130_fd_sc_hd__xor2_1)
                   0.3149    0.5184    7.5184 ^ _341_/X (sky130_fd_sc_hd__xor2_1)
    4    0.0115                                 _272_ (net)
                   0.3149    0.0000    7.5184 ^ _347_/C (sky130_fd_sc_hd__nand3_1)
                   0.1234    0.1227    7.6411 v _347_/Y (sky130_fd_sc_hd__nand3_1)
    2    0.0042                                 _278_ (net)
                   0.1234    0.0000    7.6411 v _364_/A1 (sky130_fd_sc_hd__a21o_1)
                   0.0451    0.2114    7.8525 v _364_/X (sky130_fd_sc_hd__a21o_1)
    3    0.0064                                 _294_ (net)
                   0.0451    0.0000    7.8525 v _377_/A2 (sky130_fd_sc_hd__a21o_1)
                   0.0452    0.1947    8.0472 v _377_/X (sky130_fd_sc_hd__a21o_1)
    3    0.0064                                 _306_ (net)
                   0.0452    0.0000    8.0472 v _395_/A1 (sky130_fd_sc_hd__a21o_1)
                   0.0427    0.1695    8.2167 v _395_/X (sky130_fd_sc_hd__a21o_1)
    3    0.0057                                 _199_ (net)
                   0.0427    0.0000    8.2167 v _426_/A2 (sky130_fd_sc_hd__a311oi_1)
                   0.3366    0.3655    8.5822 ^ _426_/Y (sky130_fd_sc_hd__a311oi_1)
    3    0.0059                                 _228_ (net)
                   0.3366    0.0000    8.5822 ^ _443_/A2 (sky130_fd_sc_hd__o21bai_1)
                   0.0565    0.0853    8.6675 v _443_/Y (sky130_fd_sc_hd__o21bai_1)
    1    0.0021                                 _244_ (net)
                   0.0565    0.0000    8.6675 v _449_/A3 (sky130_fd_sc_hd__a31oi_1)
                   0.1261    0.1727    8.8402 ^ _449_/Y (sky130_fd_sc_hd__a31oi_1)
    1    0.0023                                 _250_ (net)
                   0.1261    0.0000    8.8402 ^ _450_/B1 (sky130_fd_sc_hd__o31ai_1)
                   0.0385    0.0452    8.8854 v _450_/Y (sky130_fd_sc_hd__o31ai_1)
    1    0.0016                                 _175_ (net)
                   0.0385    0.0000    8.8854 v _458_/D (sky130_fd_sc_hd__dfxtp_1)
                                       8.8854   data arrival time

                   0.0000   10.0000   10.0000   clock MYCLK (rise edge)
                             3.0000   13.0000   clock network delay (ideal)
                            -0.5000   12.5000   clock uncertainty
                             0.0000   12.5000   clock reconvergence pessimism
                                      12.5000 ^ _458_/CLK (sky130_fd_sc_hd__dfxtp_1)
                            -0.1368   12.3632   library setup time
                                      12.3632   data required time
------------------------------------------------------------------------------------
                                      12.3632   data required time
                                      -8.8854   data arrival time
------------------------------------------------------------------------------------
                                       3.4778   slack (MET)


Startpoint: _451_ (rising edge-triggered flip-flop clocked by MYCLK)
Endpoint: R[0] (output port clocked by MYGEN_CLK)
Path Group: MYGEN_CLK
Path Type: max

Fanout       Cap      Slew     Delay      Time   Description
------------------------------------------------------------------------------------
                   0.0000    0.0000    0.0000   clock MYCLK (rise edge)
                             3.0000    3.0000   clock network delay (ideal)
                   0.0000    0.0000    3.0000 ^ _451_/CLK (sky130_fd_sc_hd__dfxtp_1)
                   1.3701    1.2017    4.2017 ^ _451_/Q (sky130_fd_sc_hd__dfxtp_1)
    1    0.1300                                 Reg3[0] (net)
                   1.3701    0.0000    4.2017 ^ R[0] (out)
                                       4.2017   data arrival time

                   0.0000   10.0000   10.0000   clock MYGEN_CLK (rise edge)
                             0.0000   10.0000   clock network delay (ideal)
                             0.0000   10.0000   clock reconvergence pessimism
                            -3.0000    7.0000   output external delay
                                       7.0000   data required time
------------------------------------------------------------------------------------
                                       7.0000   data required time
                                      -4.2017   data arrival time
------------------------------------------------------------------------------------
                                       2.7983   slack (MET)


