Startpoint: B[0] (input port clocked by MYCLK)
Endpoint: _451_ (rising edge-triggered flip-flop clocked by MYCLK)
Path Group: MYCLK
Path Type: min

Fanout       Cap      Slew     Delay      Time   Description
------------------------------------------------------------------------------------
                   0.0000    0.0000    0.0000   clock MYCLK (rise edge)
                             3.0000    3.0000   clock network delay (ideal)
                             1.0000    4.0000 ^ input external delay
                   0.1000    0.0000    4.0000 ^ B[0] (in)
    6    0.0135                                 B[0] (net)
                   0.1000    0.0000    4.0000 ^ _320_/B (sky130_fd_sc_hd__nor2_1)
                   0.0270    0.0590    4.0590 v _320_/Y (sky130_fd_sc_hd__nor2_1)
    1    0.0016                                 _252_ (net)
                   0.0270    0.0000    4.0590 v _339_/A1 (sky130_fd_sc_hd__o21ai_0)
                   0.0642    0.1845    4.2435 ^ _339_/Y (sky130_fd_sc_hd__o21ai_0)
    1    0.0016                                 _168_ (net)
                   0.0642    0.0000    4.2435 ^ _451_/D (sky130_fd_sc_hd__dfxtp_1)
                                       4.2435   data arrival time

                   0.0000    0.0000    0.0000   clock MYCLK (rise edge)
                             3.0000    3.0000   clock network delay (ideal)
                             0.1000    3.1000   clock uncertainty
                             0.0000    3.1000   clock reconvergence pessimism
                                       3.1000 ^ _451_/CLK (sky130_fd_sc_hd__dfxtp_1)
                            -0.0664    3.0336   library hold time
                                       3.0336   data required time
------------------------------------------------------------------------------------
                                       3.0336   data required time
                                      -4.2435   data arrival time
------------------------------------------------------------------------------------
                                       1.2099   slack (MET)


Startpoint: _451_ (rising edge-triggered flip-flop clocked by MYCLK)
Endpoint: R[0] (output port clocked by MYGEN_CLK)
Path Group: MYGEN_CLK
Path Type: min

Fanout       Cap      Slew     Delay      Time   Description
------------------------------------------------------------------------------------
                   0.0000    0.0000    0.0000   clock MYCLK (rise edge)
                             3.0000    3.0000   clock network delay (ideal)
                   0.0000    0.0000    3.0000 ^ _451_/CLK (sky130_fd_sc_hd__dfxtp_1)
                   0.5415    0.8164    3.8164 v _451_/Q (sky130_fd_sc_hd__dfxtp_1)
    1    0.1000                                 Reg3[0] (net)
                   0.5415    0.0000    3.8164 v R[0] (out)
                                       3.8164   data arrival time

                   0.0000    0.0000    0.0000   clock MYGEN_CLK (rise edge)
                             0.0000    0.0000   clock network delay (ideal)
                             0.0000    0.0000   clock reconvergence pessimism
                            -1.0000   -1.0000   output external delay
                                      -1.0000   data required time
------------------------------------------------------------------------------------
                                      -1.0000   data required time
                                      -3.8164   data arrival time
------------------------------------------------------------------------------------
                                       4.8164   slack (MET)


Startpoint: A[1] (input port clocked by MYCLK)
Endpoint: _458_ (rising edge-triggered flip-flop clocked by MYCLK)
Path Group: MYCLK
Path Type: max

Fanout       Cap      Slew     Delay      Time   Description
------------------------------------------------------------------------------------
                   0.0000    0.0000    0.0000   clock MYCLK (rise edge)
                             3.0000    3.0000   clock network delay (ideal)
                             4.0000    7.0000 v input external delay
                   0.5000    0.0000    7.0000 v A[1] (in)
    7    0.0170                                 A[1] (net)
                   0.5000    0.0000    7.0000 v _341_/A (sky130_fd_sc_hd__xor2_1)
                   0.4364    0.6541    7.6541 ^ _341_/X (sky130_fd_sc_hd__xor2_1)
    4    0.0116                                 _272_ (net)
                   0.4364    0.0000    7.6541 ^ _347_/C (sky130_fd_sc_hd__nand3_1)
                   0.1469    0.2293    7.8834 v _347_/Y (sky130_fd_sc_hd__nand3_1)
    2    0.0043                                 _278_ (net)
                   0.1469    0.0000    7.8834 v _364_/A1 (sky130_fd_sc_hd__a21o_1)
                   0.0638    0.3171    8.2005 v _364_/X (sky130_fd_sc_hd__a21o_1)
    3    0.0066                                 _294_ (net)
                   0.0638    0.0000    8.2005 v _377_/A2 (sky130_fd_sc_hd__a21o_1)
                   0.0639    0.3044    8.5049 v _377_/X (sky130_fd_sc_hd__a21o_1)
    3    0.0066                                 _306_ (net)
                   0.0639    0.0000    8.5049 v _395_/A1 (sky130_fd_sc_hd__a21o_1)
                   0.0594    0.2688    8.7736 v _395_/X (sky130_fd_sc_hd__a21o_1)
    3    0.0057                                 _199_ (net)
                   0.0594    0.0000    8.7736 v _426_/A2 (sky130_fd_sc_hd__a311oi_1)
                   0.4696    0.5270    9.3007 ^ _426_/Y (sky130_fd_sc_hd__a311oi_1)
    3    0.0058                                 _228_ (net)
                   0.4696    0.0000    9.3007 ^ _443_/A2 (sky130_fd_sc_hd__o21bai_1)
                   0.0732    0.1820    9.4827 v _443_/Y (sky130_fd_sc_hd__o21bai_1)
    1    0.0021                                 _244_ (net)
                   0.0732    0.0000    9.4827 v _449_/A3 (sky130_fd_sc_hd__a31oi_1)
                   0.1735    0.2468    9.7295 ^ _449_/Y (sky130_fd_sc_hd__a31oi_1)
    1    0.0023                                 _250_ (net)
                   0.1735    0.0000    9.7295 ^ _450_/B1 (sky130_fd_sc_hd__o31ai_1)
                   0.0573    0.1159    9.8454 v _450_/Y (sky130_fd_sc_hd__o31ai_1)
    1    0.0015                                 _175_ (net)
                   0.0573    0.0000    9.8454 v _458_/D (sky130_fd_sc_hd__dfxtp_1)
                                       9.8454   data arrival time

                   0.0000   10.0000   10.0000   clock MYCLK (rise edge)
                             3.0000   13.0000   clock network delay (ideal)
                            -0.5000   12.5000   clock uncertainty
                             0.0000   12.5000   clock reconvergence pessimism
                                      12.5000 ^ _458_/CLK (sky130_fd_sc_hd__dfxtp_1)
                            -0.2481   12.2519   library setup time
                                      12.2519   data required time
------------------------------------------------------------------------------------
                                      12.2519   data required time
                                      -9.8454   data arrival time
------------------------------------------------------------------------------------
                                       2.4065   slack (MET)


Startpoint: _451_ (rising edge-triggered flip-flop clocked by MYCLK)
Endpoint: R[0] (output port clocked by MYGEN_CLK)
Path Group: MYGEN_CLK
Path Type: max

Fanout       Cap      Slew     Delay      Time   Description
------------------------------------------------------------------------------------
                   0.0000    0.0000    0.0000   clock MYCLK (rise edge)
                             3.0000    3.0000   clock network delay (ideal)
                   0.0000    0.0000    3.0000 ^ _451_/CLK (sky130_fd_sc_hd__dfxtp_1)
                   1.8985    1.7794    4.7794 ^ _451_/Q (sky130_fd_sc_hd__dfxtp_1)
    1    0.1300                                 Reg3[0] (net)
                   1.8985    0.0000    4.7794 ^ R[0] (out)
                                       4.7794   data arrival time

                   0.0000   10.0000   10.0000   clock MYGEN_CLK (rise edge)
                             0.0000   10.0000   clock network delay (ideal)
                             0.0000   10.0000   clock reconvergence pessimism
                            -3.0000    7.0000   output external delay
                                       7.0000   data required time
------------------------------------------------------------------------------------
                                       7.0000   data required time
                                      -4.7794   data arrival time
------------------------------------------------------------------------------------
                                       2.2206   slack (MET)


